Using pre-set license
Built from '2020.3/staging' branch; Version is '2020.3.30f1 (1fb1bf06830e) revision 2077119'; Using compiler version '192528614'; Build Type 'Release'
OS: 'Windows 11  (10.0.22000) 64bit Core' Language: 'en' Physical Memory: 15765 MB
BatchMode: 1, IsHumanControllingUs: 0, StartBugReporterOnCrash: 0, Is64bit: 1, IsPro: 0

COMMAND LINE ARGUMENTS:
C:\Program Files\Unity\Hub\Editor\2020.3.30f1\Editor\Unity.exe
-adb2
-batchMode
-noUpm
-name
AssetImportWorker0
-projectPath
C:/Jeff's Files/Game Dev/Mud and Blood 3/Mud and Blood
-logFile
Logs/AssetImportWorker0.log
-srvPort
58866
Successfully changed project path to: C:/Jeff's Files/Game Dev/Mud and Blood 3/Mud and Blood
C:/Jeff's Files/Game Dev/Mud and Blood 3/Mud and Blood
Using Asset Import Pipeline V2.
Refreshing native plugins compatible for Editor in 37.03 ms, found 4 plugins.
Preloading 0 native plugins for Editor in 0.00 ms.
Initialize engine version: 2020.3.30f1 (1fb1bf06830e)
[Subsystems] Discovering subsystems at path C:/Program Files/Unity/Hub/Editor/2020.3.30f1/Editor/Data/Resources/UnitySubsystems
[Subsystems] Discovering subsystems at path C:/Jeff's Files/Game Dev/Mud and Blood 3/Mud and Blood/Assets
GfxDevice: creating device client; threaded=0
Direct3D:
    Version:  Direct3D 11.0 [level 11.1]
    Renderer: NVIDIA GeForce RTX 3070 (ID=0x2484)
    Vendor:   
    VRAM:     8043 MB
    Driver:   30.0.14.9709
Initialize mono
Mono path[0] = 'C:/Program Files/Unity/Hub/Editor/2020.3.30f1/Editor/Data/Managed'
Mono path[1] = 'C:/Program Files/Unity/Hub/Editor/2020.3.30f1/Editor/Data/MonoBleedingEdge/lib/mono/unityjit'
Mono config path = 'C:/Program Files/Unity/Hub/Editor/2020.3.30f1/Editor/Data/MonoBleedingEdge/etc'
Using monoOptions --debugger-agent=transport=dt_socket,embedding=1,server=y,suspend=n,address=127.0.0.1:56036
Begin MonoManager ReloadAssembly
Registering precompiled unity dll's ...
Register platform support module: C:/Program Files/Unity/Hub/Editor/2020.3.30f1/Editor/Data/PlaybackEngines/WindowsStandaloneSupport/UnityEditor.WindowsStandalone.Extensions.dll
Registered in 0.001095 seconds.
Native extension for WindowsStandalone target not found
Refreshing native plugins compatible for Editor in 34.16 ms, found 4 plugins.
Preloading 0 native plugins for Editor in 0.00 ms.
Mono: successfully reloaded assembly
- Completed reload, in  0.413 seconds
Domain Reload Profiling:
	ReloadAssembly (413ms)
		BeginReloadAssembly (47ms)
			ExecutionOrderSort (0ms)
			DisableScriptedObjects (0ms)
			BackupInstance (0ms)
			ReleaseScriptingObjects (0ms)
			CreateAndSetChildDomain (1ms)
		EndReloadAssembly (315ms)
			LoadAssemblies (46ms)
			RebuildTransferFunctionScriptingTraits (0ms)
			SetupTypeCache (99ms)
			ReleaseScriptCaches (0ms)
			RebuildScriptCaches (20ms)
			SetupLoadedEditorAssemblies (126ms)
				LogAssemblyErrors (0ms)
				InitializePlatformSupportModulesInManaged (3ms)
				SetLoadedEditorAssemblies (0ms)
				RefreshPlugins (34ms)
				BeforeProcessingInitializeOnLoad (7ms)
				ProcessInitializeOnLoadAttributes (60ms)
				ProcessInitializeOnLoadMethodAttributes (21ms)
				AfterProcessingInitializeOnLoad (0ms)
				EditorAssembliesLoaded (0ms)
			ExecutionOrderSort2 (0ms)
			AwakeInstancesAfterBackupRestoration (0ms)
Platform modules already initialized, skipping
Registering precompiled user dll's ...
Registered in 0.006389 seconds.
Begin MonoManager ReloadAssembly
Native extension for WindowsStandalone target not found
Refreshing native plugins compatible for Editor in 34.03 ms, found 4 plugins.
Preloading 0 native plugins for Editor in 0.00 ms.
Mono: successfully reloaded assembly
- Completed reload, in  0.840 seconds
Domain Reload Profiling:
	ReloadAssembly (841ms)
		BeginReloadAssembly (106ms)
			ExecutionOrderSort (0ms)
			DisableScriptedObjects (3ms)
			BackupInstance (0ms)
			ReleaseScriptingObjects (0ms)
			CreateAndSetChildDomain (17ms)
		EndReloadAssembly (692ms)
			LoadAssemblies (82ms)
			RebuildTransferFunctionScriptingTraits (0ms)
			SetupTypeCache (239ms)
			ReleaseScriptCaches (0ms)
			RebuildScriptCaches (33ms)
			SetupLoadedEditorAssemblies (256ms)
				LogAssemblyErrors (0ms)
				InitializePlatformSupportModulesInManaged (3ms)
				SetLoadedEditorAssemblies (0ms)
				RefreshPlugins (34ms)
				BeforeProcessingInitializeOnLoad (50ms)
				ProcessInitializeOnLoadAttributes (152ms)
				ProcessInitializeOnLoadMethodAttributes (13ms)
				AfterProcessingInitializeOnLoad (4ms)
				EditorAssembliesLoaded (0ms)
			ExecutionOrderSort2 (0ms)
			AwakeInstancesAfterBackupRestoration (5ms)
Platform modules already initialized, skipping
========================================================================
Worker process is ready to serve import requests
Launched and connected shader compiler UnityShaderCompiler.exe after 0.04 seconds
Refreshing native plugins compatible for Editor in 1.13 ms, found 4 plugins.
Preloading 0 native plugins for Editor in 0.00 ms.
Unloading 2217 Unused Serialized files (Serialized files now loaded: 0)
System memory in use before: 97.5 MB.
System memory in use after: 97.7 MB.

Unloading 41 unused Assets to reduce memory usage. Loaded Objects now: 2724.
Total: 2.764200 ms (FindLiveObjects: 0.231300 ms CreateObjectMapping: 0.060400 ms MarkObjects: 2.402500 ms  DeleteObjects: 0.069300 ms)

AssetImportParameters requested are different than current active one (requested -> active):
  custom:framework-win-MediaFoundation: 216162199b28c13a410421893ffa2e32 -> 
  custom:video-decoder-ogg-theora: a1e56fd34408186e4bbccfd4996cb3dc -> 
  custom:container-muxer-webm: aa71ff27fc2769a1b78a27578f13a17b -> 
  custom:container-demuxer-webm: 4f35f7cbe854078d1ac9338744f61a02 -> 
  custom:container-demuxer-ogg: 62fdf1f143b41e24485cea50d1cbac27 -> 
  custom:video-encoder-webm-vp8: eb34c28f22e8b96e1ab97ce403110664 -> 
  custom:video-decoder-webm-vp8: 9c59270c3fd7afecdb556c50c9e8de78 -> 
  custom:audio-decoder-ogg-vorbis: bf7c407c2cedff20999df2af8eb42d56 -> 
  custom:audio-encoder-webm-vorbis: bf7c407c2cedff20999df2af8eb42d56 -> 
========================================================================
Received Import Request.
  path: Assets/Artwork/zombie.png
  artifactKey: Guid(c5b2e5a934b98244aa52d47fe4b78ce3) Importer(815301076,1909f56bfc062723c751e8b465ee728b)
Start importing Assets/Artwork/zombie.png using Guid(c5b2e5a934b98244aa52d47fe4b78ce3) Importer(815301076,1909f56bfc062723c751e8b465ee728b)  -> (artifact id: 'c55f43c2c912aa3a3954ea4e89dd8124') in 0.068306 seconds 
========================================================================
Received Import Request.
  Time since last request: 0.000237 seconds.
  path: Assets/Artwork/survivor-move_rifle_0.png
  artifactKey: Guid(7194bdd7ec113f64bb557bc9818a0b22) Importer(815301076,1909f56bfc062723c751e8b465ee728b)
Start importing Assets/Artwork/survivor-move_rifle_0.png using Guid(7194bdd7ec113f64bb557bc9818a0b22) Importer(815301076,1909f56bfc062723c751e8b465ee728b)  -> (artifact id: '3bb06c9b9bbdcb93ba7fb29bd082f7ea') in 0.015689 seconds 
========================================================================
Received Import Request.
  Time since last request: 1.823257 seconds.
  path: Assets/Textures/backgrounddetailed2.png
  artifactKey: Guid(e848126bdfc1be345aed1f3fcbc38273) Importer(815301076,1909f56bfc062723c751e8b465ee728b)
Start importing Assets/Textures/backgrounddetailed2.png using Guid(e848126bdfc1be345aed1f3fcbc38273) Importer(815301076,1909f56bfc062723c751e8b465ee728b)  -> (artifact id: 'b57f4f8d8fcaf08357e65d0004e71bd8') in 0.027295 seconds 
========================================================================
Received Import Request.
  Time since last request: 0.000101 seconds.
  path: Assets/Textures/Smoke.mat
  artifactKey: Guid(1082fc8fd4c8bf348ba27188b9e3a321) Importer(815301076,1909f56bfc062723c751e8b465ee728b)
Start importing Assets/Textures/Smoke.mat using Guid(1082fc8fd4c8bf348ba27188b9e3a321) Importer(815301076,1909f56bfc062723c751e8b465ee728b)  -> (artifact id: 'c4798b6e577413937faf4a74dd469169') in 0.060744 seconds 
========================================================================
Received Import Request.
  Time since last request: 0.000154 seconds.
  path: Assets/Textures/darksand.png
  artifactKey: Guid(20e225a1934262146a51c2a36f18b1f2) Importer(815301076,1909f56bfc062723c751e8b465ee728b)
Start importing Assets/Textures/darksand.png using Guid(20e225a1934262146a51c2a36f18b1f2) Importer(815301076,1909f56bfc062723c751e8b465ee728b)  -> (artifact id: 'e60697d0f82c7c38b2c619c136f1e0cf') in 0.024227 seconds 
========================================================================
Received Import Request.
  Time since last request: 0.000124 seconds.
  path: Assets/Textures/crater2.png
  artifactKey: Guid(db0c7785f8f68a8499997ed6d5e387b4) Importer(815301076,1909f56bfc062723c751e8b465ee728b)
Start importing Assets/Textures/crater2.png using Guid(db0c7785f8f68a8499997ed6d5e387b4) Importer(815301076,1909f56bfc062723c751e8b465ee728b)  -> (artifact id: '8395d5fa6672e01a876596c4d098f9dc') in 0.020935 seconds 
========================================================================
Received Import Request.
  Time since last request: 0.000130 seconds.
  path: Assets/Textures/smoke_texture.png
  artifactKey: Guid(451c601f53cc58f4c85dbccf900b56cb) Importer(815301076,1909f56bfc062723c751e8b465ee728b)
Start importing Assets/Textures/smoke_texture.png using Guid(451c601f53cc58f4c85dbccf900b56cb) Importer(815301076,1909f56bfc062723c751e8b465ee728b)  -> (artifact id: 'fbdf8bde66788ae3d8542c25a1f268c1') in 0.020907 seconds 
========================================================================
Received Import Request.
  Time since last request: 0.000128 seconds.
  path: Assets/Textures/Explosion.mat
  artifactKey: Guid(e64250d2e3853d043815e69cd6da972a) Importer(815301076,1909f56bfc062723c751e8b465ee728b)
Start importing Assets/Textures/Explosion.mat using Guid(e64250d2e3853d043815e69cd6da972a) Importer(815301076,1909f56bfc062723c751e8b465ee728b)  -> (artifact id: '47056c8a2218b2e3a79bf24d6f8d46ca') in 0.026644 seconds 
========================================================================
Received Import Request.
  Time since last request: 0.000120 seconds.
  path: Assets/Textures/smoke_texture2.jpg
  artifactKey: Guid(a16950007b6eeb348b708f7d82682251) Importer(815301076,1909f56bfc062723c751e8b465ee728b)
Start importing Assets/Textures/smoke_texture2.jpg using Guid(a16950007b6eeb348b708f7d82682251) Importer(815301076,1909f56bfc062723c751e8b465ee728b)  -> (artifact id: 'e7eaabe67387ba95088aec4b57575e80') in 0.034630 seconds 
========================================================================
Received Import Request.
  Time since last request: 0.000118 seconds.
  path: Assets/Textures/Explosion.tif
  artifactKey: Guid(8381585975339b3468cc3cbb796a0538) Importer(815301076,1909f56bfc062723c751e8b465ee728b)
Start importing Assets/Textures/Explosion.tif using Guid(8381585975339b3468cc3cbb796a0538) Importer(815301076,1909f56bfc062723c751e8b465ee728b)  -> (artifact id: '620b867f6af439bf55c11089ce179220') in 0.027971 seconds 
========================================================================
Received Import Request.
  Time since last request: 0.000105 seconds.
  path: Assets/Textures/multicam.jpg
  artifactKey: Guid(33eb6c310fbab414dbc34104bce9f36f) Importer(815301076,1909f56bfc062723c751e8b465ee728b)
Start importing Assets/Textures/multicam.jpg using Guid(33eb6c310fbab414dbc34104bce9f36f) Importer(815301076,1909f56bfc062723c751e8b465ee728b)  -> (artifact id: '9d773e1e52ff37100b47cf4a4c374095') in 0.051015 seconds 
========================================================================
Received Import Request.
  Time since last request: 3.818824 seconds.
  path: Assets/Artwork
  artifactKey: Guid(92b2f76081a89fe42ac647156e76a056) Importer(815301076,1909f56bfc062723c751e8b465ee728b)
Start importing Assets/Artwork using Guid(92b2f76081a89fe42ac647156e76a056) Importer(815301076,1909f56bfc062723c751e8b465ee728b)  -> (artifact id: 'a88fc8c8390730c7d957b128a6411fac') in 0.006152 seconds 
========================================================================
Received Import Request.
  Time since last request: 7.610597 seconds.
  path: Assets/Artwork/Shop
  artifactKey: Guid(d9603d0cb2edfee4894c4b1dc5801646) Importer(815301076,1909f56bfc062723c751e8b465ee728b)
Start importing Assets/Artwork/Shop using Guid(d9603d0cb2edfee4894c4b1dc5801646) Importer(815301076,1909f56bfc062723c751e8b465ee728b)  -> (artifact id: '9f8e4f52f203c1f70f1562ca9e10b090') in 0.006612 seconds 
========================================================================
Received Import Request.
  Time since last request: 4.224040 seconds.
  path: Assets/Artwork/Shop/MnB HUD Graphics.jpg
  artifactKey: Guid(4f001ea2bf2bbe343855af3e03bdb622) Importer(815301076,1909f56bfc062723c751e8b465ee728b)
Start importing Assets/Artwork/Shop/MnB HUD Graphics.jpg using Guid(4f001ea2bf2bbe343855af3e03bdb622) Importer(815301076,1909f56bfc062723c751e8b465ee728b)  -> (artifact id: '17f6ed118ddb27fd0054d3fd4a202b3e') in 0.016176 seconds 
========================================================================
Received Prepare
Registering precompiled user dll's ...
Registered in 0.005589 seconds.
Begin MonoManager ReloadAssembly
Native extension for WindowsStandalone target not found
Refreshing native plugins compatible for Editor in 0.65 ms, found 4 plugins.
Preloading 0 native plugins for Editor in 0.00 ms.
Mono: successfully reloaded assembly
- Completed reload, in  0.782 seconds
Domain Reload Profiling:
	ReloadAssembly (782ms)
		BeginReloadAssembly (104ms)
			ExecutionOrderSort (0ms)
			DisableScriptedObjects (5ms)
			BackupInstance (0ms)
			ReleaseScriptingObjects (0ms)
			CreateAndSetChildDomain (40ms)
		EndReloadAssembly (633ms)
			LoadAssemblies (79ms)
			RebuildTransferFunctionScriptingTraits (0ms)
			SetupTypeCache (230ms)
			ReleaseScriptCaches (1ms)
			RebuildScriptCaches (33ms)
			SetupLoadedEditorAssemblies (225ms)
				LogAssemblyErrors (0ms)
				InitializePlatformSupportModulesInManaged (3ms)
				SetLoadedEditorAssemblies (0ms)
				RefreshPlugins (1ms)
				BeforeProcessingInitializeOnLoad (51ms)
				ProcessInitializeOnLoadAttributes (157ms)
				ProcessInitializeOnLoadMethodAttributes (9ms)
				AfterProcessingInitializeOnLoad (4ms)
				EditorAssembliesLoaded (0ms)
			ExecutionOrderSort2 (0ms)
			AwakeInstancesAfterBackupRestoration (7ms)
Platform modules already initialized, skipping
Refreshing native plugins compatible for Editor in 0.69 ms, found 4 plugins.
Preloading 0 native plugins for Editor in 0.00 ms.
Unloading 2207 Unused Serialized files (Serialized files now loaded: 0)
System memory in use before: 100.3 MB.
System memory in use after: 100.5 MB.

Unloading 30 unused Assets to reduce memory usage. Loaded Objects now: 2782.
Total: 2.854500 ms (FindLiveObjects: 0.241300 ms CreateObjectMapping: 0.061300 ms MarkObjects: 2.526200 ms  DeleteObjects: 0.024600 ms)

AssetImportParameters requested are different than current active one (requested -> active):
  custom:framework-win-MediaFoundation: 216162199b28c13a410421893ffa2e32 -> 
  custom:video-decoder-ogg-theora: a1e56fd34408186e4bbccfd4996cb3dc -> 
  custom:container-muxer-webm: aa71ff27fc2769a1b78a27578f13a17b -> 
  custom:container-demuxer-webm: 4f35f7cbe854078d1ac9338744f61a02 -> 
  custom:container-demuxer-ogg: 62fdf1f143b41e24485cea50d1cbac27 -> 
  custom:video-encoder-webm-vp8: eb34c28f22e8b96e1ab97ce403110664 -> 
  custom:video-decoder-webm-vp8: 9c59270c3fd7afecdb556c50c9e8de78 -> 
  custom:audio-decoder-ogg-vorbis: bf7c407c2cedff20999df2af8eb42d56 -> 
  custom:audio-encoder-webm-vorbis: bf7c407c2cedff20999df2af8eb42d56 -> 
========================================================================
Received Import Request.
  Time since last request: 166.123146 seconds.
  path: Assets/Materials/Smoke.mat
  artifactKey: Guid(767d70136fc018c4ea880757c92eb76f) Importer(815301076,1909f56bfc062723c751e8b465ee728b)
Start importing Assets/Materials/Smoke.mat using Guid(767d70136fc018c4ea880757c92eb76f) Importer(815301076,1909f56bfc062723c751e8b465ee728b)  -> (artifact id: 'bc9465d68e48093d51a17d9ef2aac783') in 0.055854 seconds 
========================================================================
Received Prepare
Registering precompiled user dll's ...
Registered in 0.006143 seconds.
Begin MonoManager ReloadAssembly
Native extension for WindowsStandalone target not found
Refreshing native plugins compatible for Editor in 0.65 ms, found 4 plugins.
Preloading 0 native plugins for Editor in 0.00 ms.
Mono: successfully reloaded assembly
- Completed reload, in  0.771 seconds
Domain Reload Profiling:
	ReloadAssembly (772ms)
		BeginReloadAssembly (99ms)
			ExecutionOrderSort (0ms)
			DisableScriptedObjects (4ms)
			BackupInstance (0ms)
			ReleaseScriptingObjects (0ms)
			CreateAndSetChildDomain (36ms)
		EndReloadAssembly (630ms)
			LoadAssemblies (80ms)
			RebuildTransferFunctionScriptingTraits (0ms)
			SetupTypeCache (232ms)
			ReleaseScriptCaches (1ms)
			RebuildScriptCaches (34ms)
			SetupLoadedEditorAssemblies (218ms)
				LogAssemblyErrors (0ms)
				InitializePlatformSupportModulesInManaged (3ms)
				SetLoadedEditorAssemblies (0ms)
				RefreshPlugins (1ms)
				BeforeProcessingInitializeOnLoad (50ms)
				ProcessInitializeOnLoadAttributes (152ms)
				ProcessInitializeOnLoadMethodAttributes (9ms)
				AfterProcessingInitializeOnLoad (4ms)
				EditorAssembliesLoaded (0ms)
			ExecutionOrderSort2 (0ms)
			AwakeInstancesAfterBackupRestoration (7ms)
Platform modules already initialized, skipping
Refreshing native plugins compatible for Editor in 0.67 ms, found 4 plugins.
Preloading 0 native plugins for Editor in 0.00 ms.
Unloading 2207 Unused Serialized files (Serialized files now loaded: 0)
System memory in use before: 100.3 MB.
System memory in use after: 100.5 MB.

Unloading 30 unused Assets to reduce memory usage. Loaded Objects now: 2785.
Total: 2.676100 ms (FindLiveObjects: 0.204800 ms CreateObjectMapping: 0.064700 ms MarkObjects: 2.383500 ms  DeleteObjects: 0.022000 ms)

AssetImportParameters requested are different than current active one (requested -> active):
  custom:framework-win-MediaFoundation: 216162199b28c13a410421893ffa2e32 -> 
  custom:video-decoder-ogg-theora: a1e56fd34408186e4bbccfd4996cb3dc -> 
  custom:container-muxer-webm: aa71ff27fc2769a1b78a27578f13a17b -> 
  custom:container-demuxer-webm: 4f35f7cbe854078d1ac9338744f61a02 -> 
  custom:container-demuxer-ogg: 62fdf1f143b41e24485cea50d1cbac27 -> 
  custom:video-encoder-webm-vp8: eb34c28f22e8b96e1ab97ce403110664 -> 
  custom:video-decoder-webm-vp8: 9c59270c3fd7afecdb556c50c9e8de78 -> 
  custom:audio-decoder-ogg-vorbis: bf7c407c2cedff20999df2af8eb42d56 -> 
  custom:audio-encoder-webm-vorbis: bf7c407c2cedff20999df2af8eb42d56 -> 
AssetImportWorkerClient::OnTransportError - code=2 error=End of file
